\BOOKMARK [0][-]{chapter.1}{\376\377\000O\000\040\000b\000a\000n\000c\000o\000\040\000d\000e\000\040\000d\000a\000d\000o\000s}{}% 1
\BOOKMARK [1][-]{section.1.1}{\376\377\000I\000n\000f\000o\000r\000m\000a\000\347\000\365\000e\000s\000\040\000p\000e\000s\000s\000o\000a\000i\000s}{chapter.1}% 2
\BOOKMARK [2][-]{subsection.1.1.1}{\376\377\000N\000o\000m\000e}{section.1.1}% 3
\BOOKMARK [2][-]{subsection.1.1.2}{\376\377\000I\000d\000a\000d\000e}{section.1.1}% 4
\BOOKMARK [2][-]{subsection.1.1.3}{\376\377\000D\000a\000t\000a\000\040\000d\000e\000\040\000n\000a\000s\000c\000i\000m\000e\000n\000t\000o}{section.1.1}% 5
\BOOKMARK [2][-]{subsection.1.1.4}{\376\377\000S\000i\000g\000n\000o\000\040\000d\000o\000\040\000z\000o\000d\000\355\000a\000c\000o}{section.1.1}% 6
\BOOKMARK [2][-]{subsection.1.1.5}{\376\377\000S\000i\000g\000n\000o\000\040\000c\000h\000i\000n\000\352\000s}{section.1.1}% 7
\BOOKMARK [2][-]{subsection.1.1.6}{\376\377\000G\000\352\000n\000e\000r\000o}{section.1.1}% 8
\BOOKMARK [2][-]{subsection.1.1.7}{\376\377\000A\000l\000t\000u\000r\000a}{section.1.1}% 9
\BOOKMARK [2][-]{subsection.1.1.8}{\376\377\000P\000e\000s\000o}{section.1.1}% 10
\BOOKMARK [2][-]{subsection.1.1.9}{\376\377\000I\000M\000C}{section.1.1}% 11
\BOOKMARK [2][-]{subsection.1.1.10}{\376\377\000P\000e\000r\000c\000e\000n\000t\000u\000a\000l\000\040\000d\000e\000\040\000g\000o\000r\000d\000u\000r\000a\000\040\000c\000o\000r\000p\000o\000r\000a\000l\000\040\000\050\000B\000F\000\045\000\051}{section.1.1}% 12
\BOOKMARK [2][-]{subsection.1.1.11}{\376\377\000R\000a\000\347\000a}{section.1.1}% 13
\BOOKMARK [2][-]{subsection.1.1.12}{\376\377\000C\000o\000r\000\040\000d\000o\000\040\000c\000a\000b\000e\000l\000o}{section.1.1}% 14
\BOOKMARK [2][-]{subsection.1.1.13}{\376\377\000C\000o\000r\000\040\000d\000o\000s\000\040\000o\000l\000h\000o\000s}{section.1.1}% 15
\BOOKMARK [2][-]{subsection.1.1.14}{\376\377\000C\000i\000d\000a\000d\000e\000\040\000e\000\040\000e\000s\000t\000a\000d\000o}{section.1.1}% 16
\BOOKMARK [2][-]{subsection.1.1.15}{\376\377\000E\000s\000t\000a\000d\000o\000\040\000c\000i\000v\000i\000l}{section.1.1}% 17
\BOOKMARK [1][-]{section.1.2}{\376\377\000P\000e\000r\000s\000o\000n\000a\000l\000i\000d\000a\000d\000e\000\040\000e\000\040\000p\000r\000e\000f\000e\000r\000\352\000n\000c\000i\000a\000s}{chapter.1}% 18
\BOOKMARK [2][-]{subsection.1.2.1}{\376\377\000P\000e\000r\000s\000o\000n\000a\000l\000i\000d\000a\000d\000e}{section.1.2}% 19
\BOOKMARK [2][-]{subsection.1.2.2}{\376\377\000T\000i\000m\000e\000\040\000d\000e\000\040\000f\000u\000t\000e\000b\000o\000l}{section.1.2}% 20
\BOOKMARK [2][-]{subsection.1.2.3}{\376\377\000D\000e\000s\000t\000i\000n\000o\000\040\000d\000e\000\040\000v\000i\000a\000g\000e\000m}{section.1.2}% 21
\BOOKMARK [2][-]{subsection.1.2.4}{\376\377\000P\000e\000r\000\355\000o\000d\000o\000\040\000d\000o\000\040\000d\000i\000a}{section.1.2}% 22
\BOOKMARK [2][-]{subsection.1.2.5}{\376\377\000R\000e\000f\000e\000i\000\347\000\343\000o}{section.1.2}% 23
\BOOKMARK [2][-]{subsection.1.2.6}{\376\377\000P\000r\000a\000t\000o}{section.1.2}% 24
\BOOKMARK [2][-]{subsection.1.2.7}{\376\377\000V\000i\000s\000\343\000o\000\040\000d\000e\000\040\000m\000u\000n\000d\000o}{section.1.2}% 25
\BOOKMARK [2][-]{subsection.1.2.8}{\376\377\000C\000o\000r\000\040\000p\000r\000e\000f\000e\000r\000i\000d\000a}{section.1.2}% 26
\BOOKMARK [1][-]{section.1.3}{\376\377\000D\000a\000d\000o\000s\000\040\000s\000o\000c\000i\000o\000e\000c\000o\000n\000\364\000m\000i\000c\000o\000s}{chapter.1}% 27
\BOOKMARK [2][-]{subsection.1.3.1}{\376\377\000A\000l\000f\000a\000b\000e\000t\000i\000z\000a\000\347\000\343\000o}{section.1.3}% 28
\BOOKMARK [2][-]{subsection.1.3.2}{\376\377\000E\000s\000c\000o\000l\000a\000r\000i\000d\000a\000d\000e}{section.1.3}% 29
\BOOKMARK [2][-]{subsection.1.3.3}{\376\377\000T\000i\000p\000o\000\040\000d\000e\000\040\000a\000c\000e\000s\000s\000o\000\040\000\340\000\040\000e\000d\000u\000c\000a\000\347\000\343\000o}{section.1.3}% 30
\BOOKMARK [2][-]{subsection.1.3.4}{\376\377\000E\000m\000p\000r\000e\000g\000o}{section.1.3}% 31
\BOOKMARK [2][-]{subsection.1.3.5}{\376\377\000R\000e\000n\000d\000a}{section.1.3}% 32
\BOOKMARK [2][-]{subsection.1.3.6}{\376\377\000V\000e\000l\000o\000c\000i\000d\000a\000d\000e\000\040\000d\000e\000\040\000a\000c\000e\000s\000s\000o\000\040\000\340\000\040\000i\000n\000t\000e\000r\000n\000e\000t}{section.1.3}% 33
\BOOKMARK [2][-]{subsection.1.3.7}{\376\377\000P\000l\000a\000n\000o\000\040\000d\000e\000\040\000s\000a\000\372\000d\000e\000\040\000p\000r\000i\000v\000a\000d\000o}{section.1.3}% 34
\BOOKMARK [1][-]{section.1.4}{\376\377\000S\000a\000\372\000d\000e}{chapter.1}% 35
\BOOKMARK [2][-]{subsection.1.4.1}{\376\377\000A\000t\000i\000v\000i\000d\000a\000d\000e\000\040\000e\000s\000p\000o\000r\000t\000i\000v\000a}{section.1.4}% 36
\BOOKMARK [2][-]{subsection.1.4.2}{\376\377\000T\000i\000p\000o\000\040\000s\000a\000n\000g\000u\000\355\000n\000e\000o}{section.1.4}% 37
\BOOKMARK [2][-]{subsection.1.4.3}{\376\377\000C\000o\000n\000s\000u\000m\000o\000\040\000d\000e\000\040\000d\000r\000o\000g\000a\000s}{section.1.4}% 38
\BOOKMARK [2][-]{subsection.1.4.4}{\376\377\000H\000i\000p\000e\000r\000t\000e\000n\000s\000\343\000o}{section.1.4}% 39
\BOOKMARK [2][-]{subsection.1.4.5}{\376\377\000P\000r\000e\000s\000s\000\343\000o\000\040\000a\000r\000t\000e\000r\000i\000a\000l\000\040\000\050\000P\000A\000\051}{section.1.4}% 40
\BOOKMARK [2][-]{subsection.1.4.6}{\376\377\000F\000r\000e\000q\000u\000\352\000n\000c\000i\000a\000\040\000c\000a\000r\000d\000\355\000a\000c\000a\000\040\000e\000m\000\040\000r\000e\000p\000o\000u\000s\000o\000\040\000\050\000F\000C\000\051}{section.1.4}% 41
\BOOKMARK [2][-]{subsection.1.4.7}{\376\377\000D\000i\000a\000b\000e\000t\000e\000s\000\040\000M\000e\000l\000l\000i\000t\000u\000s\000\040\000\050\000D\000M\000\051}{section.1.4}% 42
\BOOKMARK [2][-]{subsection.1.4.8}{\376\377\000A\000c\000i\000d\000e\000n\000t\000e\000\040\000V\000a\000s\000c\000u\000l\000a\000r\000\040\000E\000n\000c\000e\000f\000\341\000l\000i\000c\000o\000\040\000\050\000A\000V\000E\000\051}{section.1.4}% 43
\BOOKMARK [2][-]{subsection.1.4.9}{\376\377\000I\000n\000f\000a\000r\000t\000o\000\040\000A\000g\000u\000d\000o\000\040\000d\000o\000\040\000M\000i\000o\000c\000\341\000r\000d\000i\000o\000\040\000\050\000I\000A\000M\000\051}{section.1.4}% 44
\BOOKMARK [1][-]{section.1.5}{\376\377\000H\000e\000m\000o\000g\000r\000a\000m\000a}{chapter.1}% 45
\BOOKMARK [2][-]{subsection.1.5.1}{\376\377\000H\000e\000m\000\341\000c\000i\000a\000s\000\040\000\050\000H\000c\000\051}{section.1.5}% 46
\BOOKMARK [2][-]{subsection.1.5.2}{\376\377\000H\000e\000m\000o\000g\000l\000o\000b\000i\000n\000a\000\040\000\050\000H\000b\000\051}{section.1.5}% 47
\BOOKMARK [2][-]{subsection.1.5.3}{\376\377\000H\000e\000m\000a\000t\000\363\000r\000c\000r\000i\000t\000o\000\040\000\050\000H\000t\000\051}{section.1.5}% 48
\BOOKMARK [2][-]{subsection.1.5.4}{\376\377\000V\000o\000l\000u\000m\000e\000\040\000C\000o\000r\000p\000u\000s\000c\000u\000l\000a\000r\000\040\000M\000\351\000d\000i\000o\000\040\000\050\000V\000C\000M\000\051}{section.1.5}% 49
\BOOKMARK [2][-]{subsection.1.5.5}{\376\377\000L\000e\000u\000c\000\363\000c\000i\000t\000o\000s}{section.1.5}% 50
\BOOKMARK [2][-]{subsection.1.5.6}{\376\377\000P\000l\000a\000q\000u\000e\000t\000a\000s}{section.1.5}% 51
\BOOKMARK [0][-]{chapter.2}{\376\377\000T\000\351\000c\000n\000i\000c\000a\000s\000\040\000\372\000t\000e\000i\000s}{}% 52
\BOOKMARK [1][-]{section.2.1}{\376\377\000T\000r\000a\000t\000a\000r\000\040\000N\000A\000s}{chapter.2}% 53
\BOOKMARK [2][-]{subsection.2.1.1}{\376\377\000C\000\363\000d\000i\000g\000o\000s\000\040\000p\000a\000r\000a\000\040\000l\000i\000d\000a\000r\000\040\000c\000o\000m\000\040\000N\000A\000s}{section.2.1}% 54
\BOOKMARK [1][-]{section.2.2}{\376\377\000M\000a\000n\000i\000p\000u\000l\000a\000\347\000\343\000o\000\040\000d\000e\000\040\000d\000a\000t\000a\000s}{chapter.2}% 55
\BOOKMARK [1][-]{section.2.3}{\376\377\000M\000a\000n\000i\000p\000u\000l\000a\000\347\000\343\000o\000\040\000d\000e\000\040\000t\000e\000x\000t\000o}{chapter.2}% 56
\BOOKMARK [1][-]{section.2.4}{\376\377\000C\000r\000i\000a\000\347\000\343\000o\000\040\000d\000e\000\040\000c\000o\000l\000u\000n\000a\000s}{chapter.2}% 57
